{"/home/barry/projects/docscan-camera/components/ui/Button.tsx": {"path":"/home/barry/projects/docscan-camera/components/ui/Button.tsx","statementMap":{"0":{"start":{"line":12,"column":22},"end":{"line":41,"column":1}},"1":{"start":{"line":20,"column":25},"end":{"line":20,"column":92}},"2":{"start":{"line":22,"column":2},"end":{"line":40,"column":4}},"3":{"start":{"line":43,"column":15},"end":{"line":79,"column":2}}},"fnMap":{"0":{"name":"(anonymous_0)","decl":{"start":{"line":12,"column":22},"end":{"line":12,"column":23}},"loc":{"start":{"line":19,"column":38},"end":{"line":41,"column":1}},"line":19}},"branchMap":{"0":{"loc":{"start":{"line":15,"column":2},"end":{"line":15,"column":18}},"type":"default-arg","locations":[{"start":{"line":15,"column":13},"end":{"line":15,"column":18}}],"line":15},"1":{"loc":{"start":{"line":16,"column":2},"end":{"line":16,"column":17}},"type":"default-arg","locations":[{"start":{"line":16,"column":12},"end":{"line":16,"column":17}}],"line":16},"2":{"loc":{"start":{"line":17,"column":2},"end":{"line":17,"column":21}},"type":"default-arg","locations":[{"start":{"line":17,"column":12},"end":{"line":17,"column":21}}],"line":17},"3":{"loc":{"start":{"line":27,"column":8},"end":{"line":27,"column":54}},"type":"cond-expr","locations":[{"start":{"line":27,"column":32},"end":{"line":27,"column":47}},{"start":{"line":27,"column":50},"end":{"line":27,"column":54}}],"line":27},"4":{"loc":{"start":{"line":27,"column":9},"end":{"line":27,"column":28}},"type":"binary-expr","locations":[{"start":{"line":27,"column":9},"end":{"line":27,"column":17}},{"start":{"line":27,"column":21},"end":{"line":27,"column":28}}],"line":27},"5":{"loc":{"start":{"line":31,"column":16},"end":{"line":31,"column":35}},"type":"binary-expr","locations":[{"start":{"line":31,"column":16},"end":{"line":31,"column":24}},{"start":{"line":31,"column":28},"end":{"line":31,"column":35}}],"line":31},"6":{"loc":{"start":{"line":34,"column":7},"end":{"line":38,"column":7}},"type":"cond-expr","locations":[{"start":{"line":35,"column":8},"end":{"line":35,"column":91}},{"start":{"line":37,"column":8},"end":{"line":37,"column":74}}],"line":34},"7":{"loc":{"start":{"line":35,"column":34},"end":{"line":35,"column":87}},"type":"cond-expr","locations":[{"start":{"line":35,"column":58},"end":{"line":35,"column":72}},{"start":{"line":35,"column":75},"end":{"line":35,"column":87}}],"line":35}},"s":{"0":1,"1":4,"2":4,"3":1},"f":{"0":4},"b":{"0":[3],"1":[3],"2":[4],"3":[2,2],"4":[4,3],"5":[4,3],"6":[1,3],"7":[0,1]},"_coverageSchema":"1a1c01bbd47fc00a2c39e90264f33305004495a9","hash":"3929e515038b555dfc4df26ac4616938ac2f5d39"}
,"/home/barry/projects/docscan-camera/constants/colors.ts": {"path":"/home/barry/projects/docscan-camera/constants/colors.ts","statementMap":{"0":{"start":{"line":1,"column":22},"end":{"line":14,"column":10}}},"fnMap":{},"branchMap":{},"s":{"0":1},"f":{},"b":{},"_coverageSchema":"1a1c01bbd47fc00a2c39e90264f33305004495a9","hash":"576076848578c9b02e0c588ad658a02a54777663"}
,"/home/barry/projects/docscan-camera/hooks/useAuth.ts": {"path":"/home/barry/projects/docscan-camera/hooks/useAuth.ts","statementMap":{"0":{"start":{"line":10,"column":23},"end":{"line":24,"column":1}},"1":{"start":{"line":11,"column":26},"end":{"line":11,"column":53}},"2":{"start":{"line":12,"column":32},"end":{"line":12,"column":55}},"3":{"start":{"line":14,"column":2},"end":{"line":21,"column":9}},"4":{"start":{"line":15,"column":24},"end":{"line":18,"column":6}},"5":{"start":{"line":16,"column":6},"end":{"line":16,"column":28}},"6":{"start":{"line":17,"column":6},"end":{"line":17,"column":24}},"7":{"start":{"line":20,"column":4},"end":{"line":20,"column":23}},"8":{"start":{"line":23,"column":2},"end":{"line":23,"column":27}}},"fnMap":{"0":{"name":"(anonymous_0)","decl":{"start":{"line":10,"column":23},"end":{"line":10,"column":24}},"loc":{"start":{"line":10,"column":40},"end":{"line":24,"column":1}},"line":10},"1":{"name":"(anonymous_1)","decl":{"start":{"line":14,"column":12},"end":{"line":14,"column":13}},"loc":{"start":{"line":14,"column":18},"end":{"line":21,"column":3}},"line":14},"2":{"name":"(anonymous_2)","decl":{"start":{"line":15,"column":43},"end":{"line":15,"column":44}},"loc":{"start":{"line":15,"column":74},"end":{"line":18,"column":5}},"line":15}},"branchMap":{},"s":{"0":1,"1":3,"2":3,"3":3,"4":2,"5":2,"6":2,"7":2,"8":3},"f":{"0":3,"1":2,"2":2},"b":{},"_coverageSchema":"1a1c01bbd47fc00a2c39e90264f33305004495a9","hash":"c83ca0a2cdff7984930c524ca51be2a590c17c26"}
}
