TN:
SF:components/ui/Button.tsx
FN:12,(anonymous_0)
FNF:1
FNH:1
FNDA:4,(anonymous_0)
DA:12,1
DA:20,4
DA:22,4
DA:43,1
LF:4
LH:4
BRDA:15,0,0,3
BRDA:16,1,0,3
BRDA:17,2,0,4
BRDA:27,3,0,2
BRDA:27,3,1,2
BRDA:27,4,0,4
BRDA:27,4,1,3
BRDA:31,5,0,4
BRDA:31,5,1,3
BRDA:34,6,0,1
BRDA:34,6,1,3
BRDA:35,7,0,0
BRDA:35,7,1,1
BRF:13
BRH:12
end_of_record
TN:
SF:constants/colors.ts
FNF:0
FNH:0
DA:1,1
LF:1
LH:1
BRF:0
BRH:0
end_of_record
TN:
SF:hooks/useAuth.ts
FN:10,(anonymous_0)
FN:14,(anonymous_1)
FN:15,(anonymous_2)
FNF:3
FNH:3
FNDA:3,(anonymous_0)
FNDA:2,(anonymous_1)
FNDA:2,(anonymous_2)
DA:10,1
DA:11,3
DA:12,3
DA:14,3
DA:15,2
DA:16,2
DA:17,2
DA:20,2
DA:23,3
LF:9
LH:9
BRF:0
BRH:0
end_of_record
